gettext("Select a distribution type");
gettext("Exponential distribution");
 gettext("Normal distribution");
gettext("Intensity");
gettext("&mu;");
gettext("&sigma;");
gettext("Choose");
gettext("Probability mass function");
 gettext("Cumulative distribution function");
gettext("Refit axes");
gettext("Choose language");
gettext("ENGLISH");
 gettext("GERMAN");
gettext("Font size");
gettext("Options");
gettext("Probability density function of Exp(%.2f)");
gettext("Select a distribution type");
gettext("Exponential distribution");
 gettext("Normal distribution");
gettext("Intensity");
gettext("&mu;");
gettext("&sigma;");
gettext("Choose");
gettext("Probability mass function");
 gettext("Cumulative distribution function");
gettext("Refit axes");
gettext("Choose language");
gettext("ENGLISH");
 gettext("GERMAN");
gettext("Font size");
gettext("Options");
gettext("Probability density function of Exp(%.2f)");
gettext("Probability density function of Exp(%.2f)");
gettext("Probability density function of Exp(%.2f)");
gettext("Probability density function of Exp(%.2f)");
gettext("Probability density function of Exp(%.2f)");
gettext("Probability density function of Exp(%.2f)");
gettext("Select a distribution type");
gettext("Exponential distribution");
 gettext("Normal distribution");
gettext("Intensity");
gettext("&mu;");
gettext("&sigma;");
gettext("Choose");
gettext("Probability mass function");
 gettext("Cumulative distribution function");
gettext("Refit axes");
gettext("Choose language");
gettext("ENGLISH");
 gettext("GERMAN");
gettext("Font size");
gettext("Options");
gettext("Probability density function of Exp(%.2f)");
gettext("Probability density function of Exp(%.2f)");
gettext("Select a distribution type");
gettext("Exponential distribution");
 gettext("Normal distribution");
gettext("Intensity");
gettext("&mu;");
gettext("&sigma;");
gettext("Choose");
gettext("Probability mass function");
 gettext("Cumulative distribution function");
gettext("Refit axes");
gettext("Choose language");
gettext("ENGLISH");
 gettext("GERMAN");
gettext("Font size");
gettext("Options");
gettext("Probability density function of Exp(%.2f)");
gettext("Probability density function of Exp(%.2f)");
gettext("Probability density function of Exp(%.2f)");
gettext("Probability density function of Exp(%.2f)");
gettext("Probability density function of Exp(%.2f)");
gettext("Select a distribution type");
gettext("Exponential distribution");
 gettext("Normal distribution");
gettext("Intensity");
gettext("&mu;");
gettext("&sigma;");
gettext("Choose");
gettext("Probability mass function");
 gettext("Cumulative distribution function");
gettext("Refit axes");
gettext("Choose language");
gettext("ENGLISH");
 gettext("GERMAN");
gettext("Font size");
gettext("Options");
gettext("Probability density function of Exp(%.2f)");
gettext("Select a distribution type");
gettext("Exponential distribution");
 gettext("Normal distribution");
gettext("Intensity");
gettext("&mu;");
gettext("&sigma;");
gettext("Choose");
gettext("Probability mass function");
 gettext("Cumulative distribution function");
gettext("Refit axes");
gettext("Choose language");
gettext("ENGLISH");
 gettext("GERMAN");
gettext("Font size");
gettext("Options");
gettext("Table view");
gettext("Absolute frequencies");
 gettext("Relative frequencies");
 gettext("Rowwise frequencies");
 gettext("Columnwise frequencies");
 gettext("Expected frequencies");
 gettext("Residuals");
 gettext("Studentized residuals");
 gettext("Squared residuals");
gettext("Coefficients");
gettext("Chi square");
 gettext("Contingency");
 gettext("Corrected contingency");
 gettext("Cramers V/Phi");
 gettext("Goodman & Kruskals Lambda");
 gettext("Goodman & Kruskals Tau");
 gettext("Uncertainty");
gettext("Choose data set");
gettext("BOSTONHOUSING");
 gettext("CREDIT");
 gettext("TITANIC");
 gettext("USCRIME");
gettext("Choose variable");
gettext("Choose variable");
gettext("Choose language");
gettext("ENGLISH");
 gettext("GERMAN");
gettext("Font size");
gettext("Options");
gettext("Table view");
gettext("Absolute frequencies");
 gettext("Relative frequencies");
 gettext("Rowwise frequencies");
 gettext("Columnwise frequencies");
 gettext("Expected frequencies");
 gettext("Residuals");
 gettext("Studentized residuals");
 gettext("Squared residuals");
gettext("Coefficients");
gettext("Chi square");
 gettext("Contingency");
 gettext("Corrected contingency");
 gettext("Cramers V/Phi");
 gettext("Goodman & Kruskals Lambda");
 gettext("Goodman & Kruskals Tau");
 gettext("Uncertainty");
gettext("Choose data set");
gettext("BOSTONHOUSING");
 gettext("CREDIT");
 gettext("TITANIC");
 gettext("USCRIME");
gettext("Choose variable");
gettext("Choose variable");
gettext("Choose language");
gettext("ENGLISH");
 gettext("GERMAN");
gettext("Font size");
gettext("Options");
gettext("Table view");
gettext("Absolute frequencies");
 gettext("Relative frequencies");
 gettext("Rowwise frequencies");
 gettext("Columnwise frequencies");
 gettext("Expected frequencies");
 gettext("Residuals");
 gettext("Studentized residuals");
 gettext("Squared residuals");
gettext("Coefficients");
gettext("Chi square");
 gettext("Contingency");
 gettext("Corrected contingency");
 gettext("Cramers V/Phi");
 gettext("Goodman & Kruskals Lambda");
 gettext("Goodman & Kruskals Tau");
 gettext("Uncertainty");
gettext("Choose data set");
gettext("BOSTONHOUSING");
 gettext("CREDIT");
 gettext("TITANIC");
 gettext("USCRIME");
gettext("Choose variable");
gettext("Choose variable");
gettext("Choose language");
gettext("ENGLISH");
 gettext("GERMAN");
gettext("Font size");
gettext("Options");
gettext("Table view");
gettext("Absolute frequencies");
 gettext("Relative frequencies");
 gettext("Rowwise frequencies");
 gettext("Columnwise frequencies");
 gettext("Expected frequencies");
 gettext("Residuals");
 gettext("Studentized residuals");
 gettext("Squared residuals");
gettext("Coefficients");
gettext("Chi square");
 gettext("Contingency");
 gettext("Corrected contingency");
 gettext("Cramers V/Phi");
 gettext("Goodman & Kruskals Lambda");
 gettext("Goodman & Kruskals Tau");
 gettext("Uncertainty");
gettext("Choose data set");
gettext("BOSTONHOUSING");
 gettext("CREDIT");
 gettext("TITANIC");
 gettext("USCRIME");
gettext("Choose variable");
gettext("Choose variable");
gettext("Choose language");
gettext("ENGLISH");
 gettext("GERMAN");
gettext("Font size");
gettext("Options");
gettext("Table view");
gettext("Absolute frequencies");
 gettext("Relative frequencies");
 gettext("Rowwise frequencies");
 gettext("Columnwise frequencies");
 gettext("Expected frequencies");
 gettext("Residuals");
 gettext("Studentized residuals");
 gettext("Squared residuals");
gettext("Coefficients");
gettext("Chi square");
 gettext("Contingency");
 gettext("Corrected contingency");
 gettext("Cramers V/Phi");
 gettext("Goodman & Kruskals Lambda");
 gettext("Goodman & Kruskals Tau");
 gettext("Uncertainty");
gettext("Choose data set");
gettext("BOSTONHOUSING");
 gettext("CREDIT");
 gettext("TITANIC");
 gettext("USCRIME");
gettext("Choose variable");
gettext("Choose variable");
gettext("Choose language");
gettext("ENGLISH");
 gettext("GERMAN");
gettext("Font size");
gettext("Options");
gettext("Table view");
gettext("Absolute frequencies");
 gettext("Relative frequencies");
 gettext("Rowwise frequencies");
 gettext("Columnwise frequencies");
 gettext("Expected frequencies");
 gettext("Residuals");
 gettext("Studentized residuals");
 gettext("Squared residuals");
gettext("Coefficients");
gettext("Chi square");
 gettext("Contingency");
 gettext("Corrected contingency");
 gettext("Cramers V/Phi");
 gettext("Goodman & Kruskals Lambda");
 gettext("Goodman & Kruskals Tau");
 gettext("Uncertainty");
gettext("Choose data set");
gettext("BOSTONHOUSING");
 gettext("CREDIT");
 gettext("TITANIC");
 gettext("USCRIME");
gettext("Choose variable");
gettext("Choose variable");
gettext("Choose language");
gettext("ENGLISH");
 gettext("GERMAN");
gettext("Font size");
gettext("Options");
gettext("Table view");
gettext("Absolute frequencies");
 gettext("Relative frequencies");
 gettext("Rowwise frequencies");
 gettext("Columnwise frequencies");
 gettext("Expected frequencies");
 gettext("Residuals");
 gettext("Studentized residuals");
 gettext("Squared residuals");
gettext("Coefficients");
gettext("Chi square");
 gettext("Contingency");
 gettext("Corrected contingency");
 gettext("Cramers V/Phi");
 gettext("Goodman & Kruskals Lambda");
 gettext("Goodman & Kruskals Tau");
 gettext("Uncertainty");
gettext("Choose data set");
gettext("BOSTONHOUSING");
 gettext("CREDIT");
 gettext("TITANIC");
 gettext("USCRIME");
gettext("Choose variable");
gettext("Choose variable");
gettext("Choose language");
gettext("ENGLISH");
 gettext("GERMAN");
gettext("Font size");
gettext("Options");
gettext("Table view");
gettext("Absolute frequencies");
 gettext("Relative frequencies");
 gettext("Rowwise frequencies");
 gettext("Columnwise frequencies");
 gettext("Expected frequencies");
 gettext("Residuals");
 gettext("Studentized residuals");
 gettext("Squared residuals");
gettext("Coefficients");
gettext("Chi square");
 gettext("Contingency");
 gettext("Corrected contingency");
 gettext("Cramers V/Phi");
 gettext("Goodman & Kruskals Lambda");
 gettext("Goodman & Kruskals Tau");
 gettext("Uncertainty");
gettext("Choose data set");
gettext("BOSTONHOUSING");
 gettext("CREDIT");
 gettext("TITANIC");
 gettext("USCRIME");
gettext("Choose variable");
gettext("Choose variable");
gettext("Choose language");
gettext("ENGLISH");
 gettext("GERMAN");
gettext("Font size");
gettext("Options");
gettext("Table view");
gettext("Absolute frequencies");
 gettext("Relative frequencies");
 gettext("Rowwise frequencies");
 gettext("Columnwise frequencies");
 gettext("Expected frequencies");
 gettext("Residuals");
 gettext("Studentized residuals");
 gettext("Squared residuals");
gettext("Coefficients");
gettext("Chi square");
 gettext("Contingency");
 gettext("Corrected contingency");
 gettext("Cramers V/Phi");
 gettext("Goodman & Kruskals Lambda");
 gettext("Goodman & Kruskals Tau");
 gettext("Uncertainty");
gettext("Choose data set");
gettext("BOSTONHOUSING");
 gettext("CREDIT");
 gettext("TITANIC");
 gettext("USCRIME");
gettext("Choose variable");
gettext("Choose variable");
gettext("Choose language");
gettext("ENGLISH");
 gettext("GERMAN");
gettext("Font size");
gettext("Options");
gettext("Table view");
gettext("Absolute frequencies");
 gettext("Relative frequencies");
 gettext("Rowwise frequencies");
 gettext("Columnwise frequencies");
 gettext("Expected frequencies");
 gettext("Residuals");
 gettext("Studentized residuals");
 gettext("Squared residuals");
gettext("Coefficients");
gettext("Chi square");
 gettext("Contingency");
 gettext("Corrected contingency");
 gettext("Cramers V/Phi");
 gettext("Goodman & Kruskals Lambda");
 gettext("Goodman & Kruskals Tau");
 gettext("Uncertainty");
gettext("Choose data set");
gettext("BOSTONHOUSING");
 gettext("CREDIT");
 gettext("TITANIC");
 gettext("USCRIME");
gettext("Choose variable");
gettext("Choose variable");
gettext("Choose language");
gettext("ENGLISH");
 gettext("GERMAN");
gettext("Font size");
gettext("Options");
gettext("Table view");
gettext("Absolute frequencies");
 gettext("Relative frequencies");
 gettext("Rowwise frequencies");
 gettext("Columnwise frequencies");
 gettext("Expected frequencies");
 gettext("Residuals");
 gettext("Studentized residuals");
 gettext("Squared residuals");
gettext("Coefficients");
gettext("Chi square");
 gettext("Contingency");
 gettext("Corrected contingency");
 gettext("Cramers V/Phi");
 gettext("Goodman & Kruskals Lambda");
 gettext("Goodman & Kruskals Tau");
 gettext("Uncertainty");
gettext("Choose data set");
gettext("BOSTONHOUSING");
 gettext("CREDIT");
 gettext("TITANIC");
 gettext("USCRIME");
gettext("Choose variable");
gettext("Choose variable");
gettext("Choose language");
gettext("ENGLISH");
 gettext("GERMAN");
gettext("Font size");
gettext("Options");
gettext("Table view");
gettext("Absolute frequencies");
 gettext("Relative frequencies");
 gettext("Rowwise frequencies");
 gettext("Columnwise frequencies");
 gettext("Expected frequencies");
 gettext("Residuals");
 gettext("Studentized residuals");
 gettext("Squared residuals");
gettext("Coefficients");
gettext("Chi square");
 gettext("Contingency");
 gettext("Corrected contingency");
 gettext("Cramers V/Phi");
 gettext("Goodman & Kruskals Lambda");
 gettext("Goodman & Kruskals Tau");
 gettext("Uncertainty");
gettext("Choose data set");
gettext("BOSTONHOUSING");
 gettext("CREDIT");
 gettext("TITANIC");
 gettext("USCRIME");
gettext("Choose variable");
gettext("Choose variable");
gettext("Choose language");
gettext("ENGLISH");
 gettext("GERMAN");
gettext("Font size");
gettext("Options");
gettext("Table view");
gettext("Absolute frequencies");
 gettext("Relative frequencies");
 gettext("Rowwise frequencies");
 gettext("Columnwise frequencies");
 gettext("Expected frequencies");
 gettext("Residuals");
 gettext("Studentized residuals");
 gettext("Squared residuals");
gettext("Coefficients");
gettext("Chi square");
 gettext("Contingency");
 gettext("Corrected contingency");
 gettext("Cramers V/Phi");
 gettext("Goodman & Kruskals Lambda");
 gettext("Goodman & Kruskals Tau");
 gettext("Uncertainty");
gettext("Choose data set");
gettext("BOSTONHOUSING");
 gettext("CREDIT");
 gettext("TITANIC");
 gettext("USCRIME");
gettext("Choose variable");
gettext("Choose variable");
gettext("Choose language");
gettext("ENGLISH");
 gettext("GERMAN");
gettext("Font size");
gettext("Options");
gettext("Table view");
gettext("Absolute frequencies");
 gettext("Relative frequencies");
 gettext("Rowwise frequencies");
 gettext("Columnwise frequencies");
 gettext("Expected frequencies");
 gettext("Residuals");
 gettext("Studentized residuals");
 gettext("Squared residuals");
gettext("Coefficients");
gettext("Chi square");
 gettext("Contingency");
 gettext("Corrected contingency");
 gettext("Cramers V/Phi");
 gettext("Goodman & Kruskals Lambda");
 gettext("Goodman & Kruskals Tau");
 gettext("Uncertainty");
gettext("Choose data set");
gettext("BOSTONHOUSING");
 gettext("CREDIT");
 gettext("TITANIC");
 gettext("USCRIME");
gettext("Choose variable");
gettext("Choose variable");
gettext("Choose language");
gettext("ENGLISH");
 gettext("GERMAN");
gettext("Font size");
gettext("Options");
gettext("Table view");
gettext("Absolute frequencies");
 gettext("Relative frequencies");
 gettext("Rowwise frequencies");
 gettext("Columnwise frequencies");
 gettext("Expected frequencies");
 gettext("Residuals");
 gettext("Studentized residuals");
 gettext("Squared residuals");
gettext("Coefficients");
gettext("Chi square");
 gettext("Contingency");
 gettext("Corrected contingency");
 gettext("Cramers V/Phi");
 gettext("Goodman & Kruskals Lambda");
 gettext("Goodman & Kruskals Tau");
 gettext("Uncertainty");
gettext("Choose data set");
gettext("BOSTONHOUSING");
 gettext("CREDIT");
 gettext("TITANIC");
 gettext("USCRIME");
gettext("Choose variable");
gettext("Choose variable");
gettext("Choose language");
gettext("ENGLISH");
 gettext("GERMAN");
gettext("Font size");
gettext("Options");
gettext("Table view");
gettext("Absolute frequencies");
 gettext("Relative frequencies");
 gettext("Rowwise frequencies");
 gettext("Columnwise frequencies");
 gettext("Expected frequencies");
 gettext("Residuals");
 gettext("Studentized residuals");
 gettext("Squared residuals");
gettext("Coefficients");
gettext("Chi square");
 gettext("Contingency");
 gettext("Corrected contingency");
 gettext("Cramers V/Phi");
 gettext("Goodman & Kruskals Lambda");
 gettext("Goodman & Kruskals Tau");
 gettext("Uncertainty");
gettext("Choose data set");
gettext("BOSTONHOUSING");
 gettext("CREDIT");
 gettext("TITANIC");
 gettext("USCRIME");
gettext("Choose variable");
gettext("Choose variable");
gettext("Choose language");
gettext("ENGLISH");
 gettext("GERMAN");
gettext("Font size");
gettext("Options");
gettext("Table view");
gettext("Absolute frequencies");
 gettext("Relative frequencies");
 gettext("Rowwise frequencies");
 gettext("Columnwise frequencies");
 gettext("Expected frequencies");
 gettext("Residuals");
 gettext("Studentized residuals");
 gettext("Squared residuals");
gettext("Coefficients");
gettext("Chi square");
 gettext("Contingency");
 gettext("Corrected contingency");
 gettext("Cramers V/Phi");
 gettext("Goodman & Kruskals Lambda");
 gettext("Goodman & Kruskals Tau");
 gettext("Uncertainty");
gettext("Choose data set");
gettext("BOSTONHOUSING");
 gettext("CREDIT");
 gettext("TITANIC");
 gettext("USCRIME");
gettext("Choose variable");
gettext("Choose variable");
gettext("Choose language");
gettext("ENGLISH");
 gettext("GERMAN");
gettext("Font size");
gettext("Options");
gettext("Select a distribution type");
gettext("Exponential distribution");
 gettext("Normal distribution");
gettext("Intensity");
gettext("&mu;");
gettext("&sigma;");
gettext("Choose");
gettext("Probability mass function");
 gettext("Cumulative distribution function");
gettext("Refit axes");
gettext("Choose language");
gettext("ENGLISH");
 gettext("GERMAN");
gettext("Font size");
gettext("Options");
gettext("Probability density function of Exp(%.2f)");
gettext("Select a distribution type");
gettext("Exponential distribution");
 gettext("Normal distribution");
gettext("Intensity");
gettext("&mu;");
gettext("&sigma;");
gettext("Choose");
gettext("Probability mass function");
 gettext("Cumulative distribution function");
gettext("Refit axes");
gettext("Choose language");
gettext("ENGLISH");
 gettext("GERMAN");
gettext("Font size");
gettext("Options");
gettext("Table view");
gettext("Absolute frequencies");
 gettext("Relative frequencies");
 gettext("Rowwise frequencies");
 gettext("Columnwise frequencies");
 gettext("Expected frequencies");
 gettext("Residuals");
 gettext("Studentized residuals");
 gettext("Squared residuals");
gettext("Coefficients");
gettext("Chi square");
 gettext("Contingency");
 gettext("Corrected contingency");
 gettext("Cramers V/Phi");
 gettext("Goodman & Kruskals Lambda");
 gettext("Goodman & Kruskals Tau");
 gettext("Uncertainty");
gettext("Choose data set");
gettext("BOSTONHOUSING");
 gettext("CREDIT");
 gettext("TITANIC");
 gettext("USCRIME");
gettext("Choose variable");
gettext("Choose variable");
gettext("Choose language");
gettext("ENGLISH");
 gettext("GERMAN");
gettext("Font size");
gettext("Options");
gettext("Table view");
gettext("Absolute frequencies");
 gettext("Relative frequencies");
 gettext("Rowwise frequencies");
 gettext("Columnwise frequencies");
 gettext("Expected frequencies");
 gettext("Residuals");
 gettext("Studentized residuals");
 gettext("Squared residuals");
gettext("Coefficients");
gettext("Chi square");
 gettext("Contingency");
 gettext("Corrected contingency");
 gettext("Cramers V/Phi");
 gettext("Goodman & Kruskals Lambda");
 gettext("Goodman & Kruskals Tau");
 gettext("Uncertainty");
gettext("Choose data set");
gettext("BOSTONHOUSING");
 gettext("CREDIT");
 gettext("TITANIC");
 gettext("USCRIME");
gettext("Choose variable");
gettext("Choose variable");
gettext("Choose language");
gettext("ENGLISH");
 gettext("GERMAN");
gettext("Font size");
gettext("Options");
gettext("Select a distribution type");
gettext("Binomial distribution");
 gettext("Hypergeometric distribution");
 gettext("Poisson distribution");
gettext("Number of draws");
gettext("Probability of success per draw");
gettext("Population size");
gettext("Number of success states in the population");
gettext("Number of draws");
gettext("Intensity");
gettext("Choose");
gettext("Probability mass function");
 gettext("Cumulative distribution function");
gettext("Refit axes");
gettext("Choose language");
gettext("ENGLISH");
 gettext("GERMAN");
gettext("Font size");
gettext("Options");
gettext("Probability mass function of B(%i; %.2f)");
gettext("Select a distribution type");
gettext("Binomial distribution");
 gettext("Hypergeometric distribution");
 gettext("Poisson distribution");
gettext("Number of draws");
gettext("Probability of success per draw");
gettext("Population size");
gettext("Number of success states in the population");
gettext("Number of draws");
gettext("Intensity");
gettext("Choose");
gettext("Probability mass function");
 gettext("Cumulative distribution function");
gettext("Refit axes");
gettext("Choose language");
gettext("ENGLISH");
 gettext("GERMAN");
gettext("Font size");
gettext("Options");
gettext("Probability mass function of B(%i; %.2f)");
gettext("Probability mass function of B(%i; %.2f)");
gettext("Probability mass function of B(%i; %.2f)");
gettext("Probability mass function of B(%i; %.2f)");
gettext("Probability mass function of B(%i; %.2f)");
gettext("Select a distribution type");
gettext("Binomial distribution");
 gettext("Hypergeometric distribution");
 gettext("Poisson distribution");
gettext("Number of draws");
gettext("Probability of success per draw");
gettext("Population size");
gettext("Number of success states in the population");
gettext("Number of draws");
gettext("Intensity");
gettext("Choose");
gettext("Probability mass function");
 gettext("Cumulative distribution function");
gettext("Refit axes");
gettext("Choose language");
gettext("ENGLISH");
 gettext("GERMAN");
gettext("Font size");
gettext("Options");
gettext("Probability mass function of B(%i; %.2f)");
gettext("Select a distribution type");
gettext("Binomial distribution");
 gettext("Hypergeometric distribution");
 gettext("Poisson distribution");
gettext("Number of draws");
gettext("Probability of success per draw");
gettext("Population size");
gettext("Number of success states in the population");
gettext("Number of draws");
gettext("Intensity");
gettext("Choose");
gettext("Probability mass function");
 gettext("Cumulative distribution function");
gettext("Refit axes");
gettext("Choose language");
gettext("ENGLISH");
 gettext("GERMAN");
gettext("Font size");
gettext("Options");
gettext("Probability mass function of B(%i; %.2f)");
gettext("Select a distribution type");
gettext("Binomial distribution");
 gettext("Hypergeometric distribution");
 gettext("Poisson distribution");
gettext("Number of draws");
gettext("Probability of success per draw");
gettext("Population size");
gettext("Number of success states in the population");
gettext("Number of draws");
gettext("Intensity");
gettext("Choose");
gettext("Probability mass function");
 gettext("Cumulative distribution function");
gettext("Refit axes");
gettext("Choose language");
gettext("ENGLISH");
 gettext("GERMAN");
gettext("Font size");
gettext("Options");
gettext("Table view");
gettext("Absolute frequencies");
 gettext("Relative frequencies");
 gettext("Rowwise frequencies");
 gettext("Columnwise frequencies");
 gettext("Expected frequencies");
 gettext("Residuals");
 gettext("Studentized residuals");
 gettext("Squared residuals");
gettext("Coefficients");
gettext("Chi square");
 gettext("Contingency");
 gettext("Corrected contingency");
 gettext("Cramers V/Phi");
 gettext("Goodman & Kruskals Lambda");
 gettext("Goodman & Kruskals Tau");
 gettext("Uncertainty");
gettext("Choose data set");
gettext("BOSTONHOUSING");
 gettext("CREDIT");
 gettext("TITANIC");
 gettext("USCRIME");
gettext("Choose variable");
gettext("Choose variable");
gettext("Choose language");
gettext("ENGLISH");
 gettext("GERMAN");
gettext("Font size");
gettext("Options");
gettext("Table view");
gettext("Absolute frequencies");
 gettext("Relative frequencies");
 gettext("Rowwise frequencies");
 gettext("Columnwise frequencies");
 gettext("Expected frequencies");
 gettext("Residuals");
 gettext("Studentized residuals");
 gettext("Squared residuals");
gettext("Coefficients");
gettext("Chi square");
 gettext("Contingency");
 gettext("Corrected contingency");
 gettext("Cramers V/Phi");
 gettext("Goodman & Kruskals Lambda");
 gettext("Goodman & Kruskals Tau");
 gettext("Uncertainty");
gettext("Choose data set");
gettext("BOSTONHOUSING");
 gettext("CREDIT");
 gettext("TITANIC");
 gettext("USCRIME");
gettext("Choose variable");
gettext("Choose variable");
gettext("Choose language");
gettext("ENGLISH");
 gettext("GERMAN");
gettext("Font size");
gettext("Options");
