gettext("Select a distribution type");
gettext("Binomial distribution");
 gettext("Hypergeometric distribution");
 gettext("Poisson distribution");
gettext("Number of draws");
gettext("Probability of success per draw");
gettext("Population size");
gettext("Number of success states in the population");
gettext("Number of draws");
gettext("Intensity");
gettext("Choose");
gettext("Probability mass function");
 gettext("Cumulative distribution function");
gettext("Refit axes");
gettext("Choose language");
gettext("ENGLISH");
 gettext("GERMAN");
gettext("Font size");
gettext("Options");
gettext("Probability mass function of B(%i; %.2f)");
gettext("Select a distribution type");
gettext("Binomial distribution");
 gettext("Hypergeometric distribution");
 gettext("Poisson distribution");
gettext("Number of draws");
gettext("Probability of success per draw");
gettext("Population size");
gettext("Number of success states in the population");
gettext("Number of draws");
gettext("Intensity");
gettext("Choose");
gettext("Probability mass function");
 gettext("Cumulative distribution function");
gettext("Refit axes");
gettext("Choose language");
gettext("ENGLISH");
 gettext("GERMAN");
gettext("Font size");
gettext("Options");
gettext("Probability mass function of H(%i; %i; %i)");
gettext("Probability mass function of H(%i; %i; %i)");
gettext("Probability mass function of H(%i; %i; %i)");
gettext("Probability mass function of H(%i; %i; %i)");
